<?xml version="1.0" encoding="UTF-8"?>
<!-- Generated by org.testng.reporters.JUnitReportReporter -->
<testsuite hostname="LAPTOP-KCS3PNGF" name="org.apps.bhsi.tests.PolicyLoginTest" tests="1" failures="0" timestamp="6 Apr 2019 18:16:45 GMT" time="0.032" errors="0">
  <testcase name="verifyTest" time="0.032" classname="org.apps.bhsi.tests.PolicyLoginTest"/>
</testsuite> <!-- org.apps.bhsi.tests.PolicyLoginTest -->
